[ 2017-03-22T21:29:26+08:00 ] ::1 /NO2V2/Home/Index/newmsg.html
INFO: [ app_begin ] --START--
INFO: Run Behavior\ReadHtmlCacheBehavior [ RunTime:0.001000s ]
INFO: [ app_begin ] --END-- [ RunTime:0.002000s ]
NOTIC: [8192] mysql_connect(): The mysql extension is deprecated and will be removed in the future: use mysqli or PDO instead C:\wamp\www\NO2V2\ThinkPHP\Library\Think\Db\Driver\Mysql.class.php 第 52 行.
SQL: SHOW COLUMNS FROM `comment` [ RunTime:0.001000s ]
SQL: SELECT COUNT(*) AS tp_count FROM `comment` WHERE ( `getid` = 11 ) AND ( `read` = 1 ) LIMIT 1   [ RunTime:0.000000s ]
SQL: SHOW COLUMNS FROM `chat` [ RunTime:0.001000s ]
SQL: SELECT COUNT(*) AS tp_count FROM `chat` WHERE ( `getid` = 11 ) AND ( `read` = 1 ) LIMIT 1   [ RunTime:0.000000s ]
SQL: SHOW COLUMNS FROM `at` [ RunTime:0.001000s ]
SQL: SELECT COUNT(*) AS tp_count FROM `at` WHERE ( `atid` = 11 ) AND ( `read` = 1 ) LIMIT 1   [ RunTime:0.000000s ]

[ 2017-03-22T21:29:29+08:00 ] ::1 /NO2V2/Home/Index/newmsg.html
INFO: [ app_begin ] --START--
INFO: Run Behavior\ReadHtmlCacheBehavior [ RunTime:0.002000s ]
INFO: [ app_begin ] --END-- [ RunTime:0.004000s ]
NOTIC: [8192] mysql_connect(): The mysql extension is deprecated and will be removed in the future: use mysqli or PDO instead C:\wamp\www\NO2V2\ThinkPHP\Library\Think\Db\Driver\Mysql.class.php 第 52 行.
SQL: SHOW COLUMNS FROM `comment` [ RunTime:0.002000s ]
SQL: SELECT COUNT(*) AS tp_count FROM `comment` WHERE ( `getid` = 11 ) AND ( `read` = 1 ) LIMIT 1   [ RunTime:0.001001s ]
SQL: SHOW COLUMNS FROM `chat` [ RunTime:0.002000s ]
SQL: SELECT COUNT(*) AS tp_count FROM `chat` WHERE ( `getid` = 11 ) AND ( `read` = 1 ) LIMIT 1   [ RunTime:0.001000s ]
SQL: SHOW COLUMNS FROM `at` [ RunTime:0.001000s ]
SQL: SELECT COUNT(*) AS tp_count FROM `at` WHERE ( `atid` = 11 ) AND ( `read` = 1 ) LIMIT 1   [ RunTime:0.001000s ]

[ 2017-03-22T21:29:32+08:00 ] ::1 /NO2V2/Home/Index/newmsg.html
INFO: [ app_begin ] --START--
INFO: Run Behavior\ReadHtmlCacheBehavior [ RunTime:0.002000s ]
INFO: [ app_begin ] --END-- [ RunTime:0.003000s ]
NOTIC: [8192] mysql_connect(): The mysql extension is deprecated and will be removed in the future: use mysqli or PDO instead C:\wamp\www\NO2V2\ThinkPHP\Library\Think\Db\Driver\Mysql.class.php 第 52 行.
SQL: SHOW COLUMNS FROM `comment` [ RunTime:0.000000s ]
SQL: SELECT COUNT(*) AS tp_count FROM `comment` WHERE ( `getid` = 11 ) AND ( `read` = 1 ) LIMIT 1   [ RunTime:0.001000s ]
SQL: SHOW COLUMNS FROM `chat` [ RunTime:0.001000s ]
SQL: SELECT COUNT(*) AS tp_count FROM `chat` WHERE ( `getid` = 11 ) AND ( `read` = 1 ) LIMIT 1   [ RunTime:0.000000s ]
SQL: SHOW COLUMNS FROM `at` [ RunTime:0.001000s ]
SQL: SELECT COUNT(*) AS tp_count FROM `at` WHERE ( `atid` = 11 ) AND ( `read` = 1 ) LIMIT 1   [ RunTime:0.001000s ]

[ 2017-03-22T21:29:35+08:00 ] ::1 /NO2V2/Home/Index/newmsg.html
INFO: [ app_begin ] --START--
INFO: Run Behavior\ReadHtmlCacheBehavior [ RunTime:0.001000s ]
INFO: [ app_begin ] --END-- [ RunTime:0.003000s ]
NOTIC: [8192] mysql_connect(): The mysql extension is deprecated and will be removed in the future: use mysqli or PDO instead C:\wamp\www\NO2V2\ThinkPHP\Library\Think\Db\Driver\Mysql.class.php 第 52 行.
SQL: SHOW COLUMNS FROM `comment` [ RunTime:0.001000s ]
SQL: SELECT COUNT(*) AS tp_count FROM `comment` WHERE ( `getid` = 11 ) AND ( `read` = 1 ) LIMIT 1   [ RunTime:0.000000s ]
SQL: SHOW COLUMNS FROM `chat` [ RunTime:0.001000s ]
SQL: SELECT COUNT(*) AS tp_count FROM `chat` WHERE ( `getid` = 11 ) AND ( `read` = 1 ) LIMIT 1   [ RunTime:0.000000s ]
SQL: SHOW COLUMNS FROM `at` [ RunTime:0.001001s ]
SQL: SELECT COUNT(*) AS tp_count FROM `at` WHERE ( `atid` = 11 ) AND ( `read` = 1 ) LIMIT 1   [ RunTime:0.001000s ]

[ 2017-03-22T21:29:38+08:00 ] ::1 /NO2V2/Home/Index/newmsg.html
INFO: [ app_begin ] --START--
INFO: Run Behavior\ReadHtmlCacheBehavior [ RunTime:0.002000s ]
INFO: [ app_begin ] --END-- [ RunTime:0.003000s ]
NOTIC: [8192] mysql_connect(): The mysql extension is deprecated and will be removed in the future: use mysqli or PDO instead C:\wamp\www\NO2V2\ThinkPHP\Library\Think\Db\Driver\Mysql.class.php 第 52 行.
SQL: SHOW COLUMNS FROM `comment` [ RunTime:0.001000s ]
SQL: SELECT COUNT(*) AS tp_count FROM `comment` WHERE ( `getid` = 11 ) AND ( `read` = 1 ) LIMIT 1   [ RunTime:0.000000s ]
SQL: SHOW COLUMNS FROM `chat` [ RunTime:0.001000s ]
SQL: SELECT COUNT(*) AS tp_count FROM `chat` WHERE ( `getid` = 11 ) AND ( `read` = 1 ) LIMIT 1   [ RunTime:0.001000s ]
SQL: SHOW COLUMNS FROM `at` [ RunTime:0.001000s ]
SQL: SELECT COUNT(*) AS tp_count FROM `at` WHERE ( `atid` = 11 ) AND ( `read` = 1 ) LIMIT 1   [ RunTime:0.001000s ]

[ 2017-03-22T21:29:41+08:00 ] ::1 /NO2V2/Home/Index/newmsg.html
INFO: [ app_begin ] --START--
INFO: Run Behavior\ReadHtmlCacheBehavior [ RunTime:0.002000s ]
INFO: [ app_begin ] --END-- [ RunTime:0.003000s ]
NOTIC: [8192] mysql_connect(): The mysql extension is deprecated and will be removed in the future: use mysqli or PDO instead C:\wamp\www\NO2V2\ThinkPHP\Library\Think\Db\Driver\Mysql.class.php 第 52 行.
SQL: SHOW COLUMNS FROM `comment` [ RunTime:0.001001s ]
SQL: SELECT COUNT(*) AS tp_count FROM `comment` WHERE ( `getid` = 11 ) AND ( `read` = 1 ) LIMIT 1   [ RunTime:0.001000s ]
SQL: SHOW COLUMNS FROM `chat` [ RunTime:0.000000s ]
SQL: SELECT COUNT(*) AS tp_count FROM `chat` WHERE ( `getid` = 11 ) AND ( `read` = 1 ) LIMIT 1   [ RunTime:0.000000s ]
SQL: SHOW COLUMNS FROM `at` [ RunTime:0.001000s ]
SQL: SELECT COUNT(*) AS tp_count FROM `at` WHERE ( `atid` = 11 ) AND ( `read` = 1 ) LIMIT 1   [ RunTime:0.000000s ]

[ 2017-03-22T21:29:44+08:00 ] ::1 /NO2V2/Home/Index/newmsg.html
INFO: [ app_begin ] --START--
INFO: Run Behavior\ReadHtmlCacheBehavior [ RunTime:0.001001s ]
INFO: [ app_begin ] --END-- [ RunTime:0.002001s ]
NOTIC: [8192] mysql_connect(): The mysql extension is deprecated and will be removed in the future: use mysqli or PDO instead C:\wamp\www\NO2V2\ThinkPHP\Library\Think\Db\Driver\Mysql.class.php 第 52 行.
SQL: SHOW COLUMNS FROM `comment` [ RunTime:0.001000s ]
SQL: SELECT COUNT(*) AS tp_count FROM `comment` WHERE ( `getid` = 11 ) AND ( `read` = 1 ) LIMIT 1   [ RunTime:0.001000s ]
SQL: SHOW COLUMNS FROM `chat` [ RunTime:0.001000s ]
SQL: SELECT COUNT(*) AS tp_count FROM `chat` WHERE ( `getid` = 11 ) AND ( `read` = 1 ) LIMIT 1   [ RunTime:0.000000s ]
SQL: SHOW COLUMNS FROM `at` [ RunTime:0.001000s ]
SQL: SELECT COUNT(*) AS tp_count FROM `at` WHERE ( `atid` = 11 ) AND ( `read` = 1 ) LIMIT 1   [ RunTime:0.000000s ]

[ 2017-03-22T21:29:47+08:00 ] ::1 /NO2V2/Home/Index/newmsg.html
INFO: [ app_begin ] --START--
INFO: Run Behavior\ReadHtmlCacheBehavior [ RunTime:0.001000s ]
INFO: [ app_begin ] --END-- [ RunTime:0.003000s ]
NOTIC: [8192] mysql_connect(): The mysql extension is deprecated and will be removed in the future: use mysqli or PDO instead C:\wamp\www\NO2V2\ThinkPHP\Library\Think\Db\Driver\Mysql.class.php 第 52 行.
SQL: SHOW COLUMNS FROM `comment` [ RunTime:0.001000s ]
SQL: SELECT COUNT(*) AS tp_count FROM `comment` WHERE ( `getid` = 11 ) AND ( `read` = 1 ) LIMIT 1   [ RunTime:0.000000s ]
SQL: SHOW COLUMNS FROM `chat` [ RunTime:0.001000s ]
SQL: SELECT COUNT(*) AS tp_count FROM `chat` WHERE ( `getid` = 11 ) AND ( `read` = 1 ) LIMIT 1   [ RunTime:0.000000s ]
SQL: SHOW COLUMNS FROM `at` [ RunTime:0.000000s ]
SQL: SELECT COUNT(*) AS tp_count FROM `at` WHERE ( `atid` = 11 ) AND ( `read` = 1 ) LIMIT 1   [ RunTime:0.000000s ]

[ 2017-03-22T21:29:50+08:00 ] ::1 /NO2V2/Home/Index/newmsg.html
INFO: [ app_begin ] --START--
INFO: Run Behavior\ReadHtmlCacheBehavior [ RunTime:0.001000s ]
INFO: [ app_begin ] --END-- [ RunTime:0.002000s ]
NOTIC: [8192] mysql_connect(): The mysql extension is deprecated and will be removed in the future: use mysqli or PDO instead C:\wamp\www\NO2V2\ThinkPHP\Library\Think\Db\Driver\Mysql.class.php 第 52 行.
SQL: SHOW COLUMNS FROM `comment` [ RunTime:0.001000s ]
SQL: SELECT COUNT(*) AS tp_count FROM `comment` WHERE ( `getid` = 11 ) AND ( `read` = 1 ) LIMIT 1   [ RunTime:0.000000s ]
SQL: SHOW COLUMNS FROM `chat` [ RunTime:0.001001s ]
SQL: SELECT COUNT(*) AS tp_count FROM `chat` WHERE ( `getid` = 11 ) AND ( `read` = 1 ) LIMIT 1   [ RunTime:0.000000s ]
SQL: SHOW COLUMNS FROM `at` [ RunTime:0.001000s ]
SQL: SELECT COUNT(*) AS tp_count FROM `at` WHERE ( `atid` = 11 ) AND ( `read` = 1 ) LIMIT 1   [ RunTime:0.000000s ]

[ 2017-03-22T21:29:53+08:00 ] ::1 /NO2V2/Home/Index/newmsg.html
INFO: [ app_begin ] --START--
INFO: Run Behavior\ReadHtmlCacheBehavior [ RunTime:0.001000s ]
INFO: [ app_begin ] --END-- [ RunTime:0.002000s ]
NOTIC: [8192] mysql_connect(): The mysql extension is deprecated and will be removed in the future: use mysqli or PDO instead C:\wamp\www\NO2V2\ThinkPHP\Library\Think\Db\Driver\Mysql.class.php 第 52 行.
SQL: SHOW COLUMNS FROM `comment` [ RunTime:0.001000s ]
SQL: SELECT COUNT(*) AS tp_count FROM `comment` WHERE ( `getid` = 11 ) AND ( `read` = 1 ) LIMIT 1   [ RunTime:0.001000s ]
SQL: SHOW COLUMNS FROM `chat` [ RunTime:0.001000s ]
SQL: SELECT COUNT(*) AS tp_count FROM `chat` WHERE ( `getid` = 11 ) AND ( `read` = 1 ) LIMIT 1   [ RunTime:0.000000s ]
SQL: SHOW COLUMNS FROM `at` [ RunTime:0.001001s ]
SQL: SELECT COUNT(*) AS tp_count FROM `at` WHERE ( `atid` = 11 ) AND ( `read` = 1 ) LIMIT 1   [ RunTime:0.000000s ]

[ 2017-03-22T21:29:56+08:00 ] ::1 /NO2V2/Home/Index/newmsg.html
INFO: [ app_begin ] --START--
INFO: Run Behavior\ReadHtmlCacheBehavior [ RunTime:0.001000s ]
INFO: [ app_begin ] --END-- [ RunTime:0.003000s ]
NOTIC: [8192] mysql_connect(): The mysql extension is deprecated and will be removed in the future: use mysqli or PDO instead C:\wamp\www\NO2V2\ThinkPHP\Library\Think\Db\Driver\Mysql.class.php 第 52 行.
SQL: SHOW COLUMNS FROM `comment` [ RunTime:0.002000s ]
SQL: SELECT COUNT(*) AS tp_count FROM `comment` WHERE ( `getid` = 11 ) AND ( `read` = 1 ) LIMIT 1   [ RunTime:0.001001s ]
SQL: SHOW COLUMNS FROM `chat` [ RunTime:0.001000s ]
SQL: SELECT COUNT(*) AS tp_count FROM `chat` WHERE ( `getid` = 11 ) AND ( `read` = 1 ) LIMIT 1   [ RunTime:0.001000s ]
SQL: SHOW COLUMNS FROM `at` [ RunTime:0.001000s ]
SQL: SELECT COUNT(*) AS tp_count FROM `at` WHERE ( `atid` = 11 ) AND ( `read` = 1 ) LIMIT 1   [ RunTime:0.000000s ]

[ 2017-03-22T21:29:59+08:00 ] ::1 /NO2V2/Home/Index/newmsg.html
INFO: [ app_begin ] --START--
INFO: Run Behavior\ReadHtmlCacheBehavior [ RunTime:0.002000s ]
INFO: [ app_begin ] --END-- [ RunTime:0.003000s ]
NOTIC: [8192] mysql_connect(): The mysql extension is deprecated and will be removed in the future: use mysqli or PDO instead C:\wamp\www\NO2V2\ThinkPHP\Library\Think\Db\Driver\Mysql.class.php 第 52 行.
SQL: SHOW COLUMNS FROM `comment` [ RunTime:0.001000s ]
SQL: SELECT COUNT(*) AS tp_count FROM `comment` WHERE ( `getid` = 11 ) AND ( `read` = 1 ) LIMIT 1   [ RunTime:0.000000s ]
SQL: SHOW COLUMNS FROM `chat` [ RunTime:0.001000s ]
SQL: SELECT COUNT(*) AS tp_count FROM `chat` WHERE ( `getid` = 11 ) AND ( `read` = 1 ) LIMIT 1   [ RunTime:0.000000s ]
SQL: SHOW COLUMNS FROM `at` [ RunTime:0.001000s ]
SQL: SELECT COUNT(*) AS tp_count FROM `at` WHERE ( `atid` = 11 ) AND ( `read` = 1 ) LIMIT 1   [ RunTime:0.000000s ]

[ 2017-03-22T21:30:02+08:00 ] ::1 /NO2V2/Home/Index/newmsg.html
INFO: [ app_begin ] --START--
INFO: Run Behavior\ReadHtmlCacheBehavior [ RunTime:0.002000s ]
INFO: [ app_begin ] --END-- [ RunTime:0.003000s ]
NOTIC: [8192] mysql_connect(): The mysql extension is deprecated and will be removed in the future: use mysqli or PDO instead C:\wamp\www\NO2V2\ThinkPHP\Library\Think\Db\Driver\Mysql.class.php 第 52 行.
SQL: SHOW COLUMNS FROM `comment` [ RunTime:0.001000s ]
SQL: SELECT COUNT(*) AS tp_count FROM `comment` WHERE ( `getid` = 11 ) AND ( `read` = 1 ) LIMIT 1   [ RunTime:0.001001s ]
SQL: SHOW COLUMNS FROM `chat` [ RunTime:0.001000s ]
SQL: SELECT COUNT(*) AS tp_count FROM `chat` WHERE ( `getid` = 11 ) AND ( `read` = 1 ) LIMIT 1   [ RunTime:0.001000s ]
SQL: SHOW COLUMNS FROM `at` [ RunTime:0.001000s ]
SQL: SELECT COUNT(*) AS tp_count FROM `at` WHERE ( `atid` = 11 ) AND ( `read` = 1 ) LIMIT 1   [ RunTime:0.001000s ]

[ 2017-03-22T22:04:42+08:00 ] ::1 /NO2V2/Home/Index/newmsg.html
INFO: [ app_begin ] --START--
INFO: Run Behavior\ReadHtmlCacheBehavior [ RunTime:0.002000s ]
INFO: [ app_begin ] --END-- [ RunTime:0.003000s ]
NOTIC: [8192] mysql_connect(): The mysql extension is deprecated and will be removed in the future: use mysqli or PDO instead C:\wamp\www\NO2V2\ThinkPHP\Library\Think\Db\Driver\Mysql.class.php 第 52 行.
SQL: SHOW COLUMNS FROM `comment` [ RunTime:0.001000s ]
SQL: SELECT COUNT(*) AS tp_count FROM `comment` WHERE ( `getid` = 11 ) AND ( `read` = 1 ) LIMIT 1   [ RunTime:0.000000s ]
SQL: SHOW COLUMNS FROM `chat` [ RunTime:0.001000s ]
SQL: SELECT COUNT(*) AS tp_count FROM `chat` WHERE ( `getid` = 11 ) AND ( `read` = 1 ) LIMIT 1   [ RunTime:0.000000s ]
SQL: SHOW COLUMNS FROM `at` [ RunTime:0.001001s ]
SQL: SELECT COUNT(*) AS tp_count FROM `at` WHERE ( `atid` = 11 ) AND ( `read` = 1 ) LIMIT 1   [ RunTime:0.000000s ]

